TN:
SF:src\app.ts
FN:11,main
FNF:1
FNH:1
FNDA:1,main
DA:1,1
DA:2,1
DA:3,1
DA:4,1
DA:5,1
DA:6,1
DA:7,1
DA:8,1
DA:9,1
DA:10,1
DA:11,1
DA:12,1
DA:13,1
DA:14,1
DA:15,1
DA:16,1
DA:17,1
DA:18,1
DA:19,1
DA:20,1
DA:21,1
LF:21
LH:21
BRDA:5,0,0,1
BRDA:5,1,0,1
BRDA:11,2,0,1
BRF:3
BRH:3
end_of_record
TN:
SF:src\config\envs.ts
FNF:0
FNH:0
DA:1,1
DA:2,1
DA:3,1
DA:4,1
DA:5,1
DA:6,1
DA:7,1
DA:8,1
DA:9,1
DA:10,1
LF:10
LH:10
BRF:0
BRH:0
end_of_record
TN:
SF:src\data\postgres\index.ts
FNF:0
FNH:0
DA:1,1
DA:2,1
DA:3,1
DA:4,1
LF:4
LH:4
BRF:0
BRH:0
end_of_record
TN:
SF:src\domain\index.ts
FNF:0
FNH:0
DA:1,1
DA:2,1
DA:3,1
DA:4,1
DA:5,1
DA:6,1
DA:7,1
DA:8,1
DA:9,1
DA:10,1
DA:11,1
DA:12,1
LF:12
LH:12
BRF:0
BRH:0
end_of_record
TN:
SF:src\domain\dtos\todos\create-todo.dto.ts
FN:5,CreateTodoDto
FN:10,create
FNF:2
FNH:2
FNDA:1,CreateTodoDto
FNDA:3,create
DA:1,1
DA:2,1
DA:3,1
DA:4,1
DA:5,1
DA:6,1
DA:7,1
DA:8,1
DA:9,1
DA:10,1
DA:11,3
DA:12,3
DA:13,3
DA:14,3
DA:15,1
DA:16,1
DA:17,1
DA:18,1
LF:18
LH:18
BRDA:5,0,0,1
BRDA:10,1,0,3
BRDA:14,2,0,1
BRDA:14,3,0,2
BRDA:15,4,0,1
BRF:5
BRH:5
end_of_record
TN:
SF:src\domain\errors\custom.error.ts
FN:5,CustomError
FNF:1
FNH:1
FNDA:3,CustomError
DA:1,1
DA:2,1
DA:3,1
DA:4,1
DA:5,1
DA:6,3
DA:7,3
DA:8,3
DA:9,3
DA:10,3
DA:11,1
DA:12,1
LF:12
LH:12
BRDA:5,0,0,3
BRF:1
BRH:1
end_of_record
TN:
SF:src\infrastructure\datasource\todo-datasource.impl.ts
FN:7,create
FN:15,getAll
FN:20,findById
FN:29,updateById
FN:39,deleteById
FNF:5
FNH:5
FNDA:1,create
FNDA:1,getAll
FNDA:7,findById
FNDA:3,updateById
FNDA:2,deleteById
DA:1,1
DA:2,1
DA:3,1
DA:4,1
DA:5,1
DA:6,1
DA:7,1
DA:8,1
DA:9,1
DA:10,1
DA:11,1
DA:12,1
DA:13,1
DA:14,1
DA:15,1
DA:16,1
DA:17,1
DA:18,1
DA:19,1
DA:20,1
DA:21,7
DA:22,7
DA:23,7
DA:24,7
DA:25,7
DA:26,4
DA:27,4
DA:28,1
DA:29,1
DA:30,3
DA:31,2
DA:32,2
DA:33,2
DA:34,2
DA:35,2
DA:36,2
DA:37,2
DA:38,1
DA:39,1
DA:40,2
DA:41,1
DA:42,1
DA:43,1
DA:44,1
DA:45,1
DA:46,1
LF:46
LH:46
BRDA:7,0,0,1
BRDA:15,1,0,1
BRDA:20,2,0,7
BRDA:25,3,0,3
BRDA:26,4,0,4
BRDA:29,5,0,3
BRDA:31,6,0,2
BRDA:39,7,0,2
BRDA:41,8,0,1
BRF:9
BRH:9
end_of_record
TN:
SF:src\presentation\server.ts
FN:20,Server
FN:27,start
FN:52,close
FNF:3
FNH:3
FNDA:1,Server
FNDA:1,start
FNDA:1,close
DA:1,1
DA:2,1
DA:3,1
DA:4,1
DA:5,1
DA:6,1
DA:7,1
DA:8,1
DA:9,1
DA:10,1
DA:11,1
DA:12,1
DA:13,1
DA:14,1
DA:15,1
DA:16,1
DA:17,1
DA:18,1
DA:19,1
DA:20,1
DA:21,1
DA:22,1
DA:23,1
DA:24,1
DA:25,1
DA:26,1
DA:27,1
DA:28,1
DA:29,1
DA:30,1
DA:31,1
DA:32,1
DA:33,1
DA:34,1
DA:35,1
DA:36,1
DA:37,1
DA:38,1
DA:39,1
DA:40,1
DA:41,0
DA:42,0
DA:43,1
DA:44,1
DA:45,1
DA:46,1
DA:47,1
DA:48,1
DA:49,1
DA:50,1
DA:51,1
DA:52,1
DA:53,1
DA:54,1
DA:55,1
LF:55
LH:53
BRDA:20,0,0,1
BRDA:27,1,0,1
BRDA:45,2,0,1
BRDA:52,3,0,1
BRDA:53,4,0,0
BRF:5
BRH:4
end_of_record
TN:
SF:src\presentation\todos\contoller.ts
FN:26,TodoController
FN:14,TodoController.handleError
FN:30,TodoController.getTodos
FN:37,TodoController.getTodoById
FN:46,TodoController.createTodo
FN:56,TodoController.updateTodo
FN:69,TodoController.deleteTodo
FNF:7
FNH:7
FNDA:2,TodoController
FNDA:5,TodoController.handleError
FNDA:1,TodoController.getTodos
FNDA:2,TodoController.getTodoById
FNDA:3,TodoController.createTodo
FNDA:3,TodoController.updateTodo
FNDA:2,TodoController.deleteTodo
DA:1,1
DA:2,1
DA:3,1
DA:4,1
DA:5,1
DA:6,1
DA:7,1
DA:8,1
DA:9,1
DA:10,1
DA:11,1
DA:12,1
DA:13,1
DA:14,1
DA:15,5
DA:16,3
DA:17,3
DA:18,5
DA:19,2
DA:20,2
DA:21,2
DA:22,0
DA:23,0
DA:24,0
DA:25,1
DA:26,1
DA:27,2
DA:28,2
DA:29,1
DA:30,1
DA:31,1
DA:32,1
DA:33,1
DA:34,1
DA:35,1
DA:36,1
DA:37,1
DA:38,2
DA:39,2
DA:40,2
DA:41,2
DA:42,2
DA:43,2
DA:44,2
DA:45,1
DA:46,1
DA:47,3
DA:48,3
DA:49,3
DA:50,1
DA:51,1
DA:52,1
DA:53,1
DA:54,1
DA:55,1
DA:56,1
DA:57,3
DA:58,3
DA:59,3
DA:60,3
DA:61,3
DA:62,3
DA:63,3
DA:64,3
DA:65,3
DA:66,3
DA:67,3
DA:68,1
DA:69,1
DA:70,2
DA:71,2
DA:72,2
DA:73,2
DA:74,2
DA:75,2
DA:76,1
DA:77,1
LF:77
LH:74
BRDA:26,0,0,2
BRDA:14,1,0,5
BRDA:15,2,0,3
BRDA:18,3,0,2
BRDA:22,4,0,0
BRDA:30,5,0,1
BRDA:33,6,0,1
BRDA:37,7,0,2
BRDA:37,8,0,2
BRDA:42,9,0,1
BRDA:43,10,0,1
BRDA:46,11,0,3
BRDA:46,12,0,3
BRDA:49,13,0,2
BRDA:50,14,0,1
BRDA:53,15,0,1
BRDA:56,16,0,3
BRDA:56,17,0,3
BRDA:60,18,0,0
BRDA:64,19,0,2
BRDA:65,20,0,1
BRDA:69,21,0,2
BRDA:69,22,0,2
BRDA:73,23,0,1
BRDA:74,24,0,1
BRF:25
BRH:23
end_of_record
TN:
SF:tests\test-server.ts
FNF:0
FNH:0
DA:1,1
DA:2,1
DA:3,1
DA:4,1
DA:5,1
DA:6,1
DA:7,1
DA:8,1
LF:8
LH:8
BRF:0
BRH:0
end_of_record
